[01:09:27] [ServerMain/INFO]: Building unoptimized datafixer
[01:09:28] [ServerMain/INFO]: Environment: authHost='https://authserver.mojang.com', accountsHost='https://api.mojang.com', sessionHost='https://sessionserver.mojang.com', servicesHost='https://api.minecraftservices.com', name='PROD'
[01:09:28] [ServerMain/INFO]: Found new data pack file/bukkit, loading it automatically
[01:09:29] [ServerMain/INFO]: Loaded 7 recipes
[01:09:29] [Server thread/INFO]: Starting minecraft server version 1.19.3
[01:09:29] [Server thread/INFO]: Loading properties
[01:09:29] [Server thread/INFO]: This server is running Paper version git-Paper-442 (MC: 1.19.3) (Implementing API version 1.19.3-R0.1-SNAPSHOT) (Git: 5cc78f2)
[01:09:29] [Server thread/INFO]: Server Ping Player Sample Count: 12
[01:09:29] [Server thread/INFO]: Using 4 threads for Netty based IO
[01:09:29] [Server thread/INFO]: [ChunkTaskScheduler] Chunk system is using 1 I/O threads, 4 worker threads, and gen parallelism of 4 threads
[01:09:29] [Server thread/INFO]: Default game type: SURVIVAL
[01:09:29] [Server thread/INFO]: Generating keypair
[01:09:29] [Server thread/INFO]: Starting Minecraft server on *:25565
[01:09:29] [Server thread/INFO]: Using epoll channel type
[01:09:29] [Server thread/INFO]: Paper: Using libdeflate (Linux x86_64) compression from Velocity.
[01:09:29] [Server thread/INFO]: Paper: Using OpenSSL 3.0.x (Linux x86_64) cipher from Velocity.
[01:09:30] [Server thread/INFO]: Preparing level "world-default"
[01:09:33] [Server thread/INFO]: Preparing start region for dimension minecraft:overworld
[01:09:33] [Server thread/INFO]: Time elapsed: 80 ms
[01:09:33] [Server thread/INFO]: Preparing start region for dimension minecraft:the_nether
[01:09:33] [Server thread/INFO]: Time elapsed: 54 ms
[01:09:33] [Server thread/INFO]: Preparing start region for dimension minecraft:the_end
[01:09:33] [Server thread/INFO]: Time elapsed: 36 ms
[01:09:33] [Server thread/INFO]: Running delayed init tasks
[01:09:33] [Server thread/INFO]: Done (3.839s)! For help, type "help"
[01:09:33] [Server thread/INFO]: Timings Reset
[01:09:40] [Server thread/INFO]: Stopping the server
[01:09:40] [Server thread/INFO]: Stopping server
[01:09:40] [Server thread/INFO]: Saving players
[01:09:40] [Server thread/INFO]: Saving worlds
[01:09:40] [Server thread/INFO]: Saving chunks for level 'ServerLevel[world-default]'/minecraft:overworld
[01:09:40] [Server thread/INFO]: [ChunkHolderManager] Waiting 60s for chunk system to halt for world 'world-default'
[01:09:40] [Server thread/INFO]: [ChunkHolderManager] Halted chunk system for world 'world-default'
[01:09:40] [Server thread/INFO]: [ChunkHolderManager] Saving all chunkholders for world 'world-default'
[01:09:40] [Server thread/INFO]: [ChunkHolderManager] Saved 1681 block chunks, 1 entity chunks, 0 poi chunks in world 'world-default' in 0.53s
[01:09:40] [Server thread/INFO]: ThreadedAnvilChunkStorage (world-default): All chunks are saved
[01:09:40] [Server thread/INFO]: Saving chunks for level 'ServerLevel[world-default_nether]'/minecraft:the_nether
[01:09:40] [Server thread/INFO]: [ChunkHolderManager] Waiting 60s for chunk system to halt for world 'world-default_nether'
[01:09:40] [Server thread/INFO]: [ChunkHolderManager] Halted chunk system for world 'world-default_nether'
[01:09:40] [Server thread/INFO]: [ChunkHolderManager] Saving all chunkholders for world 'world-default_nether'
[01:09:41] [Server thread/INFO]: [ChunkHolderManager] Saved 2025 block chunks, 529 entity chunks, 0 poi chunks in world 'world-default_nether' in 0.69s
[01:09:41] [Server thread/INFO]: ThreadedAnvilChunkStorage (DIM-1): All chunks are saved
[01:09:41] [Server thread/INFO]: Saving chunks for level 'ServerLevel[world-default_the_end]'/minecraft:the_end
[01:09:41] [Server thread/INFO]: [ChunkHolderManager] Waiting 60s for chunk system to halt for world 'world-default_the_end'
[01:09:41] [Server thread/INFO]: [ChunkHolderManager] Halted chunk system for world 'world-default_the_end'
[01:09:41] [Server thread/INFO]: [ChunkHolderManager] Saving all chunkholders for world 'world-default_the_end'
[01:09:41] [Server thread/INFO]: [ChunkHolderManager] Saved 2025 block chunks, 529 entity chunks, 0 poi chunks in world 'world-default_the_end' in 0.18s
[01:09:41] [Server thread/INFO]: ThreadedAnvilChunkStorage (DIM1): All chunks are saved
[01:09:41] [Server thread/INFO]: ThreadedAnvilChunkStorage: All dimensions are saved
[01:09:41] [Server thread/INFO]: Flushing Chunk IO
[01:09:41] [Server thread/INFO]: Closing Thread Pool
[01:09:41] [Server thread/INFO]: Closing Server